<?xml version="1.0" encoding="UTF-8"?>

<beans:beans xmlns:beans="http://www.springframework.org/schema/beans"
   xmlns:jdbc="http://www.springframework.org/schema/jdbc"
   xmlns:xsi="http://www.w3.org/2001/XMLSchema-instance"
   xmlns:jpa="http://www.springframework.org/schema/data/jpa"
   xmlns:context="http://www.springframework.org/schema/context"
   xsi:schemaLocation="http://www.springframework.org/schema/beans 
    http://www.springframework.org/schema/beans/spring-beans.xsd
    http://www.springframework.org/schema/data/jpa
    http://www.springframework.org/schema/data/jpa/spring-jpa.xsd
    http://www.springframework.org/schema/jdbc
    http://www.springframework.org/schema/jdbc/spring-jdbc-3.0.xsd
    http://www.springframework.org/schema/context 
    http://www.springframework.org/schema/context/spring-context-3.0.xsd">
   
   <beans:bean id="entityManagerFactory"
      class="org.springframework.orm.jpa.LocalContainerEntityManagerFactoryBean">
      <beans:property name="dataSource" ref="dataSource" />
      <beans:property name="persistenceUnitName" value="spring-jpa" />
      <beans:property name="jpaVendorAdapter">
         <beans:bean
            class="org.springframework.orm.jpa.vendor.HibernateJpaVendorAdapter">
            <beans:property name="showSql" value="true" />
            <beans:property name="generateDdl" value="true" />
            <beans:property name="database" value="HSQL" />
         </beans:bean>
      </beans:property>
   </beans:bean>
   
</beans:beans>